<?xml version="1.0" encoding="UTF-8"?>
<testsuite xmlns:xsi="http://www.w3.org/2001/XMLSchema-instance" xsi:noNamespaceSchemaLocation="https://maven.apache.org/surefire/maven-surefire-plugin/xsd/surefire-test-report-3.0.xsd" version="3.0" name="com.example.backend.ejb.BeneficioEjbServiceTest" time="0.697" tests="3" errors="0" skipped="0" failures="0">
  <properties>
[...]
</properties>
  <testcase name="deveTransferirComSucesso" classname="com.example.backend.ejb.BeneficioEjbServiceTest" time="0.667"/>
  <testcase name="deveLancarExcecaoQuandoSaldoInsuficiente" classname="com.example.backend.ejb.BeneficioEjbServiceTest" time="0.006"/>
  <testcase name="deveLancarExcecaoParaValorInvalido" classname="com.example.backend.ejb.BeneficioEjbServiceTest" time="0.004"/>
</testsuite>